0 info it worked if it ends with ok
1 verbose cli [ '/usr/local/bin/node',
1 verbose cli   '/usr/local/bin/npm',
1 verbose cli   'install',
1 verbose cli   '-g',
1 verbose cli   'cordova',
1 verbose cli   'ionic' ]
2 info using npm@2.15.1
3 info using node@v4.4.4
4 verbose install initial load of /usr/local/lib/package.json
5 verbose readDependencies loading dependencies from /usr/local/lib/package.json
6 silly cache add args [ 'cordova', null ]
7 verbose cache add spec cordova
8 silly cache add args [ 'ionic', null ]
9 verbose cache add spec ionic
10 silly cache add parsed spec Result {
10 silly cache add   raw: 'cordova',
10 silly cache add   scope: null,
10 silly cache add   name: 'cordova',
10 silly cache add   rawSpec: '',
10 silly cache add   spec: 'latest',
10 silly cache add   type: 'tag' }
11 silly addNamed cordova@latest
12 verbose addNamed "latest" is being treated as a dist-tag for cordova
13 info addNameTag [ 'cordova', 'latest' ]
14 silly mapToRegistry name cordova
15 silly mapToRegistry using default registry
16 silly mapToRegistry registry https://registry.npmjs.org/
17 silly mapToRegistry data Result {
17 silly mapToRegistry   raw: 'cordova',
17 silly mapToRegistry   scope: null,
17 silly mapToRegistry   name: 'cordova',
17 silly mapToRegistry   rawSpec: '',
17 silly mapToRegistry   spec: 'latest',
17 silly mapToRegistry   type: 'tag' }
18 silly mapToRegistry uri https://registry.npmjs.org/cordova
19 verbose addNameTag registry:https://registry.npmjs.org/cordova not in flight; fetching
20 silly cache add parsed spec Result {
20 silly cache add   raw: 'ionic',
20 silly cache add   scope: null,
20 silly cache add   name: 'ionic',
20 silly cache add   rawSpec: '',
20 silly cache add   spec: 'latest',
20 silly cache add   type: 'tag' }
21 silly addNamed ionic@latest
22 verbose addNamed "latest" is being treated as a dist-tag for ionic
23 info addNameTag [ 'ionic', 'latest' ]
24 silly mapToRegistry name ionic
25 silly mapToRegistry using default registry
26 silly mapToRegistry registry https://registry.npmjs.org/
27 silly mapToRegistry data Result {
27 silly mapToRegistry   raw: 'ionic',
27 silly mapToRegistry   scope: null,
27 silly mapToRegistry   name: 'ionic',
27 silly mapToRegistry   rawSpec: '',
27 silly mapToRegistry   spec: 'latest',
27 silly mapToRegistry   type: 'tag' }
28 silly mapToRegistry uri https://registry.npmjs.org/ionic
29 verbose addNameTag registry:https://registry.npmjs.org/ionic not in flight; fetching
30 verbose request uri https://registry.npmjs.org/cordova
31 verbose request no auth needed
32 info attempt registry request try #1 at 10:50:58 PM
33 verbose request id 72711a7522b31703
34 http request GET https://registry.npmjs.org/cordova
35 verbose request uri https://registry.npmjs.org/ionic
36 verbose request no auth needed
37 info attempt registry request try #1 at 10:50:58 PM
38 http request GET https://registry.npmjs.org/ionic
39 http 200 https://registry.npmjs.org/cordova
40 verbose headers { server: 'CouchDB/1.5.0 (Erlang OTP/R16B03)',
40 verbose headers   etag: '"6W0L1WBUGCU3XOT8WCSOPEYZZ"',
40 verbose headers   'content-type': 'application/json',
40 verbose headers   'content-encoding': 'gzip',
40 verbose headers   'cache-control': 'max-age=300',
40 verbose headers   'content-length': '52398',
40 verbose headers   'accept-ranges': 'bytes',
40 verbose headers   date: 'Sat, 10 Sep 2016 21:50:59 GMT',
40 verbose headers   via: '1.1 varnish',
40 verbose headers   age: '207',
40 verbose headers   connection: 'keep-alive',
40 verbose headers   'x-served-by': 'cache-lcy1129-LCY',
40 verbose headers   'x-cache': 'HIT',
40 verbose headers   'x-cache-hits': '1',
40 verbose headers   'x-timer': 'S1473544259.157115,VS0,VE0',
40 verbose headers   vary: 'Accept-Encoding' }
41 silly get cb [ 200,
41 silly get   { server: 'CouchDB/1.5.0 (Erlang OTP/R16B03)',
41 silly get     etag: '"6W0L1WBUGCU3XOT8WCSOPEYZZ"',
41 silly get     'content-type': 'application/json',
41 silly get     'content-encoding': 'gzip',
41 silly get     'cache-control': 'max-age=300',
41 silly get     'content-length': '52398',
41 silly get     'accept-ranges': 'bytes',
41 silly get     date: 'Sat, 10 Sep 2016 21:50:59 GMT',
41 silly get     via: '1.1 varnish',
41 silly get     age: '207',
41 silly get     connection: 'keep-alive',
41 silly get     'x-served-by': 'cache-lcy1129-LCY',
41 silly get     'x-cache': 'HIT',
41 silly get     'x-cache-hits': '1',
41 silly get     'x-timer': 'S1473544259.157115,VS0,VE0',
41 silly get     vary: 'Accept-Encoding' } ]
42 verbose get saving cordova to /Users/fjsnogueira/.npm/registry.npmjs.org/cordova/.cache.json
43 verbose correctMkdir /Users/fjsnogueira/.npm correctMkdir not in flight; initializing
44 silly addNameTag next cb for cordova with tag latest
45 silly addNamed cordova@6.3.1
46 verbose addNamed "6.3.1" is a plain semver version for cordova
47 silly mapToRegistry name cordova
48 silly mapToRegistry using default registry
49 silly mapToRegistry registry https://registry.npmjs.org/
50 silly mapToRegistry data Result {
50 silly mapToRegistry   raw: 'cordova',
50 silly mapToRegistry   scope: null,
50 silly mapToRegistry   name: 'cordova',
50 silly mapToRegistry   rawSpec: '',
50 silly mapToRegistry   spec: 'latest',
50 silly mapToRegistry   type: 'tag' }
51 silly mapToRegistry uri https://registry.npmjs.org/cordova
52 verbose addRemoteTarball https://registry.npmjs.org/cordova/-/cordova-6.3.1.tgz not in flight; adding
53 verbose addRemoteTarball [ 'https://registry.npmjs.org/cordova/-/cordova-6.3.1.tgz',
53 verbose addRemoteTarball   '0513fa5c0aee5be63c853b214cfb83382a2f8c61' ]
54 info retry fetch attempt 1 at 10:50:59 PM
55 info attempt registry request try #1 at 10:50:59 PM
56 http fetch GET https://registry.npmjs.org/cordova/-/cordova-6.3.1.tgz
57 http fetch 200 https://registry.npmjs.org/cordova/-/cordova-6.3.1.tgz
58 http 200 https://registry.npmjs.org/ionic
59 verbose headers { server: 'CouchDB/1.5.0 (Erlang OTP/R16B03)',
59 verbose headers   etag: '"43ZKVU5LH4W60WXWND6CXGUDH"',
59 verbose headers   'content-type': 'application/json',
59 verbose headers   'content-encoding': 'gzip',
59 verbose headers   'cache-control': 'max-age=300',
59 verbose headers   'content-length': '65578',
59 verbose headers   'accept-ranges': 'bytes',
59 verbose headers   date: 'Sat, 10 Sep 2016 21:50:59 GMT',
59 verbose headers   via: '1.1 varnish',
59 verbose headers   age: '0',
59 verbose headers   connection: 'keep-alive',
59 verbose headers   'x-served-by': 'cache-lcy1126-LCY',
59 verbose headers   'x-cache': 'HIT',
59 verbose headers   'x-cache-hits': '1',
59 verbose headers   'x-timer': 'S1473544259.159356,VS0,VE173',
59 verbose headers   vary: 'Accept-Encoding' }
60 silly get cb [ 200,
60 silly get   { server: 'CouchDB/1.5.0 (Erlang OTP/R16B03)',
60 silly get     etag: '"43ZKVU5LH4W60WXWND6CXGUDH"',
60 silly get     'content-type': 'application/json',
60 silly get     'content-encoding': 'gzip',
60 silly get     'cache-control': 'max-age=300',
60 silly get     'content-length': '65578',
60 silly get     'accept-ranges': 'bytes',
60 silly get     date: 'Sat, 10 Sep 2016 21:50:59 GMT',
60 silly get     via: '1.1 varnish',
60 silly get     age: '0',
60 silly get     connection: 'keep-alive',
60 silly get     'x-served-by': 'cache-lcy1126-LCY',
60 silly get     'x-cache': 'HIT',
60 silly get     'x-cache-hits': '1',
60 silly get     'x-timer': 'S1473544259.159356,VS0,VE173',
60 silly get     vary: 'Accept-Encoding' } ]
61 verbose get saving ionic to /Users/fjsnogueira/.npm/registry.npmjs.org/ionic/.cache.json
62 verbose correctMkdir /Users/fjsnogueira/.npm correctMkdir not in flight; initializing
63 silly fetchAndShaCheck shasum 0513fa5c0aee5be63c853b214cfb83382a2f8c61
64 verbose addTmpTarball /var/folders/9w/21r76rfs6_j2qk213s85m8cr0000gn/T/npm-21673-f00295be/registry.npmjs.org/cordova/-/cordova-6.3.1.tgz not in flight; adding
65 verbose addTmpTarball already have metadata; skipping unpack for cordova@6.3.1
66 verbose correctMkdir /Users/fjsnogueira/.npm correctMkdir not in flight; initializing
67 silly addNameTag next cb for ionic with tag latest
68 silly addNamed ionic@2.0.0
69 verbose addNamed "2.0.0" is a plain semver version for ionic
70 silly mapToRegistry name ionic
71 silly mapToRegistry using default registry
72 silly mapToRegistry registry https://registry.npmjs.org/
73 silly mapToRegistry data Result {
73 silly mapToRegistry   raw: 'ionic',
73 silly mapToRegistry   scope: null,
73 silly mapToRegistry   name: 'ionic',
73 silly mapToRegistry   rawSpec: '',
73 silly mapToRegistry   spec: 'latest',
73 silly mapToRegistry   type: 'tag' }
74 silly mapToRegistry uri https://registry.npmjs.org/ionic
75 verbose addRemoteTarball https://registry.npmjs.org/ionic/-/ionic-2.0.0.tgz not in flight; adding
76 verbose addRemoteTarball [ 'https://registry.npmjs.org/ionic/-/ionic-2.0.0.tgz',
76 verbose addRemoteTarball   '8135804e1f2470292100dedadc571e99023e4f7c' ]
77 info retry fetch attempt 1 at 10:50:59 PM
78 info attempt registry request try #1 at 10:50:59 PM
79 http fetch GET https://registry.npmjs.org/ionic/-/ionic-2.0.0.tgz
80 silly cache afterAdd cordova@6.3.1
81 verbose afterAdd /Users/fjsnogueira/.npm/cordova/6.3.1/package/package.json not in flight; writing
82 verbose correctMkdir /Users/fjsnogueira/.npm correctMkdir not in flight; initializing
83 verbose afterAdd /Users/fjsnogueira/.npm/cordova/6.3.1/package/package.json written
84 http fetch 200 https://registry.npmjs.org/ionic/-/ionic-2.0.0.tgz
85 silly fetchAndShaCheck shasum 8135804e1f2470292100dedadc571e99023e4f7c
86 verbose addTmpTarball /var/folders/9w/21r76rfs6_j2qk213s85m8cr0000gn/T/npm-21673-f00295be/registry.npmjs.org/ionic/-/ionic-2.0.0.tgz not in flight; adding
87 verbose addTmpTarball already have metadata; skipping unpack for ionic@2.0.0
88 verbose correctMkdir /Users/fjsnogueira/.npm correctMkdir not in flight; initializing
89 silly cache afterAdd ionic@2.0.0
90 verbose afterAdd /Users/fjsnogueira/.npm/ionic/2.0.0/package/package.json not in flight; writing
91 verbose correctMkdir /Users/fjsnogueira/.npm correctMkdir not in flight; initializing
92 verbose afterAdd /Users/fjsnogueira/.npm/ionic/2.0.0/package/package.json written
93 silly install resolved [ { name: 'cordova',
93 silly install resolved     version: '6.3.1',
93 silly install resolved     preferGlobal: 'true',
93 silly install resolved     description: 'Cordova command line interface tool',
93 silly install resolved     main: 'cordova',
93 silly install resolved     engines: { node: '>=0.9.9' },
93 silly install resolved     engineStrict: true,
93 silly install resolved     bin: { cordova: './bin/cordova' },
93 silly install resolved     scripts:
93 silly install resolved      { test: 'node node_modules/jasmine-node/bin/jasmine-node --captureExceptions --color spec',
93 silly install resolved        cover: 'node node_modules/istanbul/lib/cli.js cover --root src --print detail node_modules/jasmine-node/bin/jasmine-node -- spec' },
93 silly install resolved     repository:
93 silly install resolved      { type: 'git',
93 silly install resolved        url: 'https://git-wip-us.apache.org/repos/asf/cordova-cli.git' },
93 silly install resolved     bugs:
93 silly install resolved      { url: 'https://issues.apache.org/jira/browse/CB',
93 silly install resolved        email: 'dev@cordova.apache.org' },
93 silly install resolved     keywords: [ 'cordova', 'client', 'cli' ],
93 silly install resolved     dependencies:
93 silly install resolved      { 'cordova-lib': '6.3.1',
93 silly install resolved        'cordova-common': '1.4.x',
93 silly install resolved        q: '1.0.1',
93 silly install resolved        nopt: '3.0.1',
93 silly install resolved        underscore: '1.7.0',
93 silly install resolved        'update-notifier': '^0.5.0',
93 silly install resolved        insight: '~0.8.2' },
93 silly install resolved     devDependencies:
93 silly install resolved      { istanbul: '^0.3.4',
93 silly install resolved        grunt: '0.4.5',
93 silly install resolved        'grunt-retire': '0.3.7',
93 silly install resolved        'jasmine-node': '1.14.5' },
93 silly install resolved     author: { name: 'Anis Kadri' },
93 silly install resolved     contributors:
93 silly install resolved      [ [Object],
93 silly install resolved        [Object],
93 silly install resolved        [Object],
93 silly install resolved        [Object],
93 silly install resolved        [Object],
93 silly install resolved        [Object],
93 silly install resolved        [Object],
93 silly install resolved        [Object],
93 silly install resolved        [Object],
93 silly install resolved        [Object],
93 silly install resolved        [Object],
93 silly install resolved        [Object],
93 silly install resolved        [Object],
93 silly install resolved        [Object],
93 silly install resolved        [Object],
93 silly install resolved        [Object],
93 silly install resolved        [Object],
93 silly install resolved        [Object],
93 silly install resolved        [Object],
93 silly install resolved        [Object],
93 silly install resolved        [Object],
93 silly install resolved        [Object],
93 silly install resolved        [Object],
93 silly install resolved        [Object] ],
93 silly install resolved     license: 'Apache-2.0',
93 silly install resolved     _id: 'cordova@6.3.1',
93 silly install resolved     _shasum: '0513fa5c0aee5be63c853b214cfb83382a2f8c61',
93 silly install resolved     _resolved: 'https://registry.npmjs.org/cordova/-/cordova-6.3.1.tgz',
93 silly install resolved     _from: 'cordova@latest',
93 silly install resolved     _npmVersion: '3.10.6',
93 silly install resolved     _nodeVersion: '6.3.0',
93 silly install resolved     _npmUser:
93 silly install resolved      { name: 'kotikov.vladimir',
93 silly install resolved        email: 'kotikov.vladimir@gmail.com' },
93 silly install resolved     dist:
93 silly install resolved      { shasum: '0513fa5c0aee5be63c853b214cfb83382a2f8c61',
93 silly install resolved        tarball: 'https://registry.npmjs.org/cordova/-/cordova-6.3.1.tgz' },
93 silly install resolved     maintainers:
93 silly install resolved      [ [Object],
93 silly install resolved        [Object],
93 silly install resolved        [Object],
93 silly install resolved        [Object],
93 silly install resolved        [Object],
93 silly install resolved        [Object],
93 silly install resolved        [Object],
93 silly install resolved        [Object],
93 silly install resolved        [Object],
93 silly install resolved        [Object],
93 silly install resolved        [Object],
93 silly install resolved        [Object],
93 silly install resolved        [Object],
93 silly install resolved        [Object],
93 silly install resolved        [Object],
93 silly install resolved        [Object],
93 silly install resolved        [Object],
93 silly install resolved        [Object] ],
93 silly install resolved     _npmOperationalInternal:
93 silly install resolved      { host: 'packages-12-west.internal.npmjs.com',
93 silly install resolved        tmp: 'tmp/cordova-6.3.1.tgz_1471253116105_0.132627623854205' },
93 silly install resolved     directories: {} },
93 silly install resolved   { name: 'ionic',
93 silly install resolved     version: '2.0.0',
93 silly install resolved     preferGlobal: true,
93 silly install resolved     description: 'A tool for creating and developing Ionic Framework mobile apps.',
93 silly install resolved     homepage: 'http://ionicframework.com/',
93 silly install resolved     bin: { ionic: 'bin/ionic' },
93 silly install resolved     scripts:
93 silly install resolved      { changelog: 'conventional-changelog -i CHANGELOG.md -s -p angular',
93 silly install resolved        'gh-release': 'node scripts/release',
93 silly install resolved        coveralls: 'istanbul cover node_modules/jasmine-node/bin/jasmine-node --captureExceptions spec/ && cat coverage/lcov.info | node_modules/coveralls/bin/coveralls.js && rm -rf coverage',
93 silly install resolved        e2e: 'jasmine-node --captureExceptions ./e2e',
93 silly install resolved        jasmine: 'jasmine-node --captureExceptions  ./spec',
93 silly install resolved        lint: 'eslint .',
93 silly install resolved        test: 'istanbul cover node_modules/jasmine-node/bin/jasmine-node --captureExceptions spec/' },
93 silly install resolved     keywords:
93 silly install resolved      [ 'ionic',
93 silly install resolved        'ionic framework',
93 silly install resolved        'ionicframework',
93 silly install resolved        'mobile',
93 silly install resolved        'app',
93 silly install resolved        'hybrid',
93 silly install resolved        'cordova',
93 silly install resolved        'native',
93 silly install resolved        'phonegap' ],
93 silly install resolved     repository:
93 silly install resolved      { type: 'git',
93 silly install resolved        url: 'git+https://github.com/driftyco/ionic-cli.git' },
93 silly install resolved     contributors: [ [Object], [Object], [Object], [Object], [Object], [Object] ],
93 silly install resolved     license: 'MIT',
93 silly install resolved     dependencies:
93 silly install resolved      { 'cli-table': '0.3.1',
93 silly install resolved        colors: '0.6.2',
93 silly install resolved        'expand-tilde': '1.2.0',
93 silly install resolved        'form-data': '0.1.4',
93 silly install resolved        gulp: '3.8.8',
93 silly install resolved        'gulp-util': '3.0.7',
93 silly install resolved        inquirer: '0.11.2',
93 silly install resolved        'ionic-app-lib': '2.0.0',
93 silly install resolved        moment: '2.11.1',
93 silly install resolved        open: '0.0.5',
93 silly install resolved        optimist: '0.6.0',
93 silly install resolved        'pretty-hrtime': '1.0.2',
93 silly install resolved        progress: '1.1.7',
93 silly install resolved        prompt: '0.2.12',
93 silly install resolved        q: '1.0.1',
93 silly install resolved        request: '2.51.0',
93 silly install resolved        semver: '4.3.6',
93 silly install resolved        'serve-static': '1.7.1',
93 silly install resolved        shelljs: '0.2.6',
93 silly install resolved        underscore: '1.7.0',
93 silly install resolved        unzip: '0.1.9' },
93 silly install resolved     devDependencies:
93 silly install resolved      { 'conventional-changelog-cli': '1.1.1',
93 silly install resolved        coveralls: '^2.2.0',
93 silly install resolved        eslint: '^3.0.1',
93 silly install resolved        github: '0.2.4',
93 silly install resolved        istanbul: '^0.4.4',
93 silly install resolved        'jasmine-node': '1.14.5',
93 silly install resolved        'mock-require': '1.3.0',
93 silly install resolved        rewire: '2.5.1' },
93 silly install resolved     gitHead: '9185bb5828b2ecd85edd4dbce9ab165a6288641e',
93 silly install resolved     bugs: { url: 'https://github.com/driftyco/ionic-cli/issues' },
93 silly install resolved     bundleDependencies:
93 silly install resolved      [ 'cli-table',
93 silly install resolved        'colors',
93 silly install resolved        'expand-tilde',
93 silly install resolved        'form-data',
93 silly install resolved        'gulp',
93 silly install resolved        'gulp-util',
93 silly install resolved        'inquirer',
93 silly install resolved        'ionic-app-lib',
93 silly install resolved        'moment',
93 silly install resolved        'open',
93 silly install resolved        'optimist',
93 silly install resolved        'pretty-hrtime',
93 silly install resolved        'progress',
93 silly install resolved        'prompt',
93 silly install resolved        'q',
93 silly install resolved        'request',
93 silly install resolved        'semver',
93 silly install resolved        'serve-static',
93 silly install resolved        'shelljs',
93 silly install resolved        'underscore',
93 silly install resolved        'unzip' ],
93 silly install resolved     _id: 'ionic@2.0.0',
93 silly install resolved     _shasum: '8135804e1f2470292100dedadc571e99023e4f7c',
93 silly install resolved     _from: 'ionic@latest',
93 silly install resolved     _npmVersion: '2.15.0',
93 silly install resolved     _nodeVersion: '4.4.2',
93 silly install resolved     _npmUser: { name: 'jthoms1', email: 'jthoms1@gmail.com' },
93 silly install resolved     dist:
93 silly install resolved      { shasum: '8135804e1f2470292100dedadc571e99023e4f7c',
93 silly install resolved        tarball: 'https://registry.npmjs.org/ionic/-/ionic-2.0.0.tgz' },
93 silly install resolved     maintainers: [ [Object], [Object], [Object], [Object], [Object], [Object] ],
93 silly install resolved     _npmOperationalInternal:
93 silly install resolved      { host: 'packages-12-west.internal.npmjs.com',
93 silly install resolved        tmp: 'tmp/ionic-2.0.0.tgz_1471268623406_0.1434044949710369' },
93 silly install resolved     directories: {},
93 silly install resolved     _resolved: 'https://registry.npmjs.org/ionic/-/ionic-2.0.0.tgz' } ]
94 info install cordova@6.3.1 into /usr/local/lib
95 info install ionic@2.0.0 into /usr/local/lib
96 info installOne cordova@6.3.1
97 verbose installOne of cordova to /usr/local/lib not in flight; installing
98 verbose correctMkdir /Users/fjsnogueira/.npm/_locks correctMkdir not in flight; initializing
99 info installOne ionic@2.0.0
100 verbose installOne of ionic to /usr/local/lib not in flight; installing
101 verbose correctMkdir /Users/fjsnogueira/.npm/_locks correctMkdir already in flight; waiting
102 verbose lock using /Users/fjsnogueira/.npm/_locks/cordova-fa12e2e096426a32.lock for /usr/local/lib/node_modules/cordova
103 verbose lock using /Users/fjsnogueira/.npm/_locks/ionic-61c0cd50dc7a1457.lock for /usr/local/lib/node_modules/ionic
104 silly install write writing cordova 6.3.1 to /usr/local/lib/node_modules/cordova
105 silly install write writing ionic 2.0.0 to /usr/local/lib/node_modules/ionic
106 verbose unbuild lib/node_modules/ionic
107 verbose unbuild lib/node_modules/cordova
108 silly gentlyRm /usr/local/lib/node_modules/ionic is being purged from base /usr/local
109 verbose gentlyRm don't care about contents; nuking /usr/local/lib/node_modules/ionic
110 verbose tar unpack /Users/fjsnogueira/.npm/ionic/2.0.0/package.tgz
111 verbose tar unpacking to /usr/local/lib/node_modules/ionic
112 silly gentlyRm /usr/local/lib/node_modules/ionic is being purged
113 verbose gentlyRm don't care about contents; nuking /usr/local/lib/node_modules/ionic
114 silly gentlyRm /usr/local/lib/node_modules/cordova is being purged from base /usr/local
115 verbose gentlyRm don't care about contents; nuking /usr/local/lib/node_modules/cordova
116 silly gunzTarPerm modes [ '755', '644' ]
117 verbose tar unpack /Users/fjsnogueira/.npm/cordova/6.3.1/package.tgz
118 verbose tar unpacking to /usr/local/lib/node_modules/cordova
119 silly gentlyRm /usr/local/lib/node_modules/cordova is being purged
120 verbose gentlyRm don't care about contents; nuking /usr/local/lib/node_modules/cordova
121 silly gunzTarPerm modes [ '755', '644' ]
122 error tar.unpack untar error /Users/fjsnogueira/.npm/ionic/2.0.0/package.tgz
123 verbose unlock done using /Users/fjsnogueira/.npm/_locks/ionic-61c0cd50dc7a1457.lock for /usr/local/lib/node_modules/ionic
124 error tar.unpack untar error /Users/fjsnogueira/.npm/cordova/6.3.1/package.tgz
125 verbose unlock done using /Users/fjsnogueira/.npm/_locks/cordova-fa12e2e096426a32.lock for /usr/local/lib/node_modules/cordova
126 verbose fstream_path /usr/local/lib/node_modules/ionic
127 verbose fstream_type Directory
128 verbose fstream_class DirWriter
129 verbose stack Error: EACCES: permission denied, mkdir '/usr/local/lib/node_modules/ionic'
129 verbose stack     at Error (native)
130 verbose fstream_stack /usr/local/lib/node_modules/npm/node_modules/fstream/lib/dir-writer.js:35:25
130 verbose fstream_stack /usr/local/lib/node_modules/npm/node_modules/mkdirp/index.js:47:53
130 verbose fstream_stack FSReqWrap.oncomplete (fs.js:82:15)
131 verbose cwd /Users/fjsnogueira/psc/psc16-team33
132 error Darwin 15.6.0
133 error argv "/usr/local/bin/node" "/usr/local/bin/npm" "install" "-g" "cordova" "ionic"
134 error node v4.4.4
135 error npm  v2.15.1
136 error path /usr/local/lib/node_modules/ionic
137 error code EACCES
138 error errno -13
139 error syscall mkdir
140 error Error: EACCES: permission denied, mkdir '/usr/local/lib/node_modules/ionic'
140 error     at Error (native)
140 error  { [Error: EACCES: permission denied, mkdir '/usr/local/lib/node_modules/ionic']
140 error   errno: -13,
140 error   code: 'EACCES',
140 error   syscall: 'mkdir',
140 error   path: '/usr/local/lib/node_modules/ionic',
140 error   fstream_type: 'Directory',
140 error   fstream_path: '/usr/local/lib/node_modules/ionic',
140 error   fstream_class: 'DirWriter',
140 error   fstream_stack:
140 error    [ '/usr/local/lib/node_modules/npm/node_modules/fstream/lib/dir-writer.js:35:25',
140 error      '/usr/local/lib/node_modules/npm/node_modules/mkdirp/index.js:47:53',
140 error      'FSReqWrap.oncomplete (fs.js:82:15)' ] }
141 error Please try running this command again as root/Administrator.
142 verbose exit [ -13, true ]
143 verbose unbuild lib/node_modules/ionic
144 silly gentlyRm /usr/local/lib/node_modules/ionic is being purged from base /usr/local
145 verbose gentlyRm don't care about contents; nuking /usr/local/lib/node_modules/ionic
146 verbose unbuild lib/node_modules/cordova
147 silly gentlyRm /usr/local/lib/node_modules/cordova is being purged from base /usr/local
148 verbose gentlyRm don't care about contents; nuking /usr/local/lib/node_modules/cordova
